<?xml version="1.0" encoding="UTF-8"?>
<!-- Generated by org.testng.reporters.JUnitReportReporter -->
<testsuite hostname="LAPTOP-FUAE1D8K" failures="0" tests="1" name="helloworld_arpit.Testhelloworld" time="0.005" errors="0" timestamp="2021-05-07T00:41:24 IST" skipped="0">
  <testcase classname="helloworld_arpit.Testhelloworld" name="testhelloworld" time="0.005"/>
  <system-out/>
</testsuite> <!-- helloworld_arpit.Testhelloworld -->
